<?xml version="1.0" encoding="UTF-8"?>
<testsuite xmlns:xsi="http://www.w3.org/2001/XMLSchema-instance" xsi:noNamespaceSchemaLocation="https://maven.apache.org/surefire/maven-surefire-plugin/xsd/surefire-test-report-3.0.xsd" version="3.0" name="TestSuite" time="217.335" tests="9" errors="0" skipped="0" failures="5">
  <properties>
[...]
</properties>
  <testcase name="testLoginWithInvalidEmailAndValidPassword" classname="tests.login.FacebookLoginTest" time="4.466">
    <system-err><![CDATA[SLF4J: No SLF4J providers were found.
SLF4J: Defaulting to no-operation (NOP) logger implementation
SLF4J: See https://www.slf4j.org/codes.html#noProviders for further details.
Sep 24, 2023 2:02:21 AM org.openqa.selenium.devtools.CdpVersionFinder findNearestMatch
WARNING: Unable to find CDP implementation matching 104
Sep 24, 2023 2:02:21 AM org.openqa.selenium.chromium.ChromiumDriver lambda$new$5
WARNING: Unable to find version of CDP to use for 104.0.5112.79. You may need to include a dependency on a specific version of the CDP using something similar to `org.seleniumhq.selenium:selenium-devtools-v86:4.11.0` where the version ("v86") matches the version of the chromium-based browser you're using and the version number of the artifact is the same as Selenium's.
Sep 24, 2023 2:02:21 AM org.openqa.selenium.devtools.CdpVersionFinder findNearestMatch
WARNING: Unable to find CDP implementation matching 104
Sep 24, 2023 2:02:21 AM org.openqa.selenium.chromium.ChromiumDriver lambda$new$5
WARNING: Unable to find version of CDP to use for 104.0.5112.79. You may need to include a dependency on a specific version of the CDP using something similar to `org.seleniumhq.selenium:selenium-devtools-v86:4.11.0` where the version ("v86") matches the version of the chromium-based browser you're using and the version number of the artifact is the same as Selenium's.
]]></system-err>
  </testcase>
  <testcase name="testLoginWithValidEmailAndInValidPassword" classname="tests.login.FacebookLoginTest" time="30.703">
    <failure message="Expected condition failed: waiting for presence of element located by: By.xpath: //*[contains(text(),&quot;The email address you entered isn&apos;t connected to an account. &quot;)] (tried for 30 second(s) with 500 milliseconds interval)" type="org.openqa.selenium.TimeoutException"><![CDATA[org.openqa.selenium.TimeoutException: Expected condition failed: waiting for presence of element located by: By.xpath: //*[contains(text(),"The email address you entered isn't connected to an account. ")] (tried for 30 second(s) with 500 milliseconds interval)
	at tests.login.FacebookLoginTest.testLoginWithValidEmailAndInValidPassword(FacebookLoginTest.java:41)
Caused by: org.openqa.selenium.NoSuchElementException: 
no such element: Unable to locate element: {"method":"xpath","selector":"//*[contains(text(),"The email address you entered isn't connected to an account. ")]"}
  (Session info: chrome=104.0.5112.79)
For documentation on this error, please visit: https://www.selenium.dev/documentation/webdriver/troubleshooting/errors#no-such-element-exception
Build info: version: '4.11.0', revision: '040bc5406b'
System info: os.name: 'Linux', os.arch: 'amd64', os.version: '5.19.0-38-generic', java.version: '11.0.18'
Driver info: org.openqa.selenium.chrome.ChromeDriver
Command: [50054cf5117ebe92b0a1bc5c81e200b4, findElement {using=xpath, value=//*[contains(text(),"The email address you entered isn't connected to an account. ")]}]
Capabilities {acceptInsecureCerts: false, browserName: chrome, browserVersion: 104.0.5112.79, chrome: {chromedriverVersion: 104.0.5112.79 (3cf3e8c8a07d..., userDataDir: /tmp/.com.google.Chrome.nWt60L}, goog:chromeOptions: {debuggerAddress: localhost:40295}, networkConnectionEnabled: false, pageLoadStrategy: normal, platformName: linux, proxy: Proxy(), se:cdp: ws://localhost:40295/devtoo..., se:cdpVersion: 104.0.5112.79, setWindowRect: true, strictFileInteractability: false, timeouts: {implicit: 0, pageLoad: 300000, script: 30000}, unhandledPromptBehavior: dismiss and notify, webauthn:extension:credBlob: true, webauthn:extension:largeBlob: true, webauthn:virtualAuthenticators: true}
Session ID: 50054cf5117ebe92b0a1bc5c81e200b4
	at tests.login.FacebookLoginTest.testLoginWithValidEmailAndInValidPassword(FacebookLoginTest.java:41)
]]></failure>
    <system-err><![CDATA[Sep 24, 2023 2:02:27 AM org.openqa.selenium.devtools.CdpVersionFinder findNearestMatch
WARNING: Unable to find CDP implementation matching 104
Sep 24, 2023 2:02:27 AM org.openqa.selenium.chromium.ChromiumDriver lambda$new$5
WARNING: Unable to find version of CDP to use for 104.0.5112.79. You may need to include a dependency on a specific version of the CDP using something similar to `org.seleniumhq.selenium:selenium-devtools-v86:4.11.0` where the version ("v86") matches the version of the chromium-based browser you're using and the version number of the artifact is the same as Selenium's.
Sep 24, 2023 2:02:28 AM org.openqa.selenium.devtools.CdpVersionFinder findNearestMatch
WARNING: Unable to find CDP implementation matching 104
Sep 24, 2023 2:02:28 AM org.openqa.selenium.chromium.ChromiumDriver lambda$new$5
WARNING: Unable to find version of CDP to use for 104.0.5112.79. You may need to include a dependency on a specific version of the CDP using something similar to `org.seleniumhq.selenium:selenium-devtools-v86:4.11.0` where the version ("v86") matches the version of the chromium-based browser you're using and the version number of the artifact is the same as Selenium's.
]]></system-err>
  </testcase>
  <testcase name="testLoginWithValidEmailAndPassword" classname="tests.login.FacebookLoginTest" time="5.264">
    <failure message="expected [https://www.facebook.com/home.php] but found [https://www.facebook.com/login]" type="java.lang.AssertionError"><![CDATA[java.lang.AssertionError: expected [https://www.facebook.com/home.php] but found [https://www.facebook.com/login]
	at tests.login.FacebookLoginTest.testLoginWithValidEmailAndPassword(FacebookLoginTest.java:27)
]]></failure>
    <system-err><![CDATA[Sep 24, 2023 2:03:03 AM org.openqa.selenium.devtools.CdpVersionFinder findNearestMatch
WARNING: Unable to find CDP implementation matching 104
Sep 24, 2023 2:03:03 AM org.openqa.selenium.chromium.ChromiumDriver lambda$new$5
WARNING: Unable to find version of CDP to use for 104.0.5112.79. You may need to include a dependency on a specific version of the CDP using something similar to `org.seleniumhq.selenium:selenium-devtools-v86:4.11.0` where the version ("v86") matches the version of the chromium-based browser you're using and the version number of the artifact is the same as Selenium's.
Sep 24, 2023 2:03:03 AM org.openqa.selenium.devtools.CdpVersionFinder findNearestMatch
WARNING: Unable to find CDP implementation matching 104
Sep 24, 2023 2:03:03 AM org.openqa.selenium.chromium.ChromiumDriver lambda$new$5
WARNING: Unable to find version of CDP to use for 104.0.5112.79. You may need to include a dependency on a specific version of the CDP using something similar to `org.seleniumhq.selenium:selenium-devtools-v86:4.11.0` where the version ("v86") matches the version of the chromium-based browser you're using and the version number of the artifact is the same as Selenium's.
]]></system-err>
  </testcase>
  <testcase name="testEmptyEmailValidationAppear" classname="tests.registration.FacebookRegistrationTest" time="6.947">
    <system-err><![CDATA[Sep 24, 2023 2:03:20 AM org.openqa.selenium.devtools.CdpVersionFinder findNearestMatch
WARNING: Unable to find CDP implementation matching 104
Sep 24, 2023 2:03:20 AM org.openqa.selenium.chromium.ChromiumDriver lambda$new$5
WARNING: Unable to find version of CDP to use for 104.0.5112.79. You may need to include a dependency on a specific version of the CDP using something similar to `org.seleniumhq.selenium:selenium-devtools-v86:4.11.0` where the version ("v86") matches the version of the chromium-based browser you're using and the version number of the artifact is the same as Selenium's.
Sep 24, 2023 2:03:20 AM org.openqa.selenium.devtools.CdpVersionFinder findNearestMatch
WARNING: Unable to find CDP implementation matching 104
Sep 24, 2023 2:03:20 AM org.openqa.selenium.chromium.ChromiumDriver lambda$new$5
WARNING: Unable to find version of CDP to use for 104.0.5112.79. You may need to include a dependency on a specific version of the CDP using something similar to `org.seleniumhq.selenium:selenium-devtools-v86:4.11.0` where the version ("v86") matches the version of the chromium-based browser you're using and the version number of the artifact is the same as Selenium's.
]]></system-err>
  </testcase>
  <testcase name="testEmptyFirstNameValidationAppear" classname="tests.registration.FacebookRegistrationTest" time="4.797">
    <system-err><![CDATA[Sep 24, 2023 2:03:38 AM org.openqa.selenium.devtools.CdpVersionFinder findNearestMatch
WARNING: Unable to find CDP implementation matching 104
Sep 24, 2023 2:03:38 AM org.openqa.selenium.chromium.ChromiumDriver lambda$new$5
WARNING: Unable to find version of CDP to use for 104.0.5112.79. You may need to include a dependency on a specific version of the CDP using something similar to `org.seleniumhq.selenium:selenium-devtools-v86:4.11.0` where the version ("v86") matches the version of the chromium-based browser you're using and the version number of the artifact is the same as Selenium's.
Sep 24, 2023 2:03:38 AM org.openqa.selenium.devtools.CdpVersionFinder findNearestMatch
WARNING: Unable to find CDP implementation matching 104
Sep 24, 2023 2:03:38 AM org.openqa.selenium.chromium.ChromiumDriver lambda$new$5
WARNING: Unable to find version of CDP to use for 104.0.5112.79. You may need to include a dependency on a specific version of the CDP using something similar to `org.seleniumhq.selenium:selenium-devtools-v86:4.11.0` where the version ("v86") matches the version of the chromium-based browser you're using and the version number of the artifact is the same as Selenium's.
]]></system-err>
  </testcase>
  <testcase name="testEmptyLastNameValidationAppear" classname="tests.registration.FacebookRegistrationTest" time="31.126">
    <failure message="Expected condition failed: waiting for presence of element located by: By.xpath: //*[contains(text(),&quot;Ahmed&quot;)] (tried for 30 second(s) with 500 milliseconds interval)" type="org.openqa.selenium.TimeoutException"><![CDATA[org.openqa.selenium.TimeoutException: Expected condition failed: waiting for presence of element located by: By.xpath: //*[contains(text(),"Ahmed")] (tried for 30 second(s) with 500 milliseconds interval)
	at tests.registration.FacebookRegistrationTest.testEmptyLastNameValidationAppear(FacebookRegistrationTest.java:58)
Caused by: org.openqa.selenium.NoSuchElementException: 
no such element: Unable to locate element: {"method":"xpath","selector":"//*[contains(text(),"Ahmed")]"}
  (Session info: chrome=104.0.5112.79)
For documentation on this error, please visit: https://www.selenium.dev/documentation/webdriver/troubleshooting/errors#no-such-element-exception
Build info: version: '4.11.0', revision: '040bc5406b'
System info: os.name: 'Linux', os.arch: 'amd64', os.version: '5.19.0-38-generic', java.version: '11.0.18'
Driver info: org.openqa.selenium.chrome.ChromeDriver
Command: [f70f65f88f777db45c9ae1053e731a15, findElement {using=xpath, value=//*[contains(text(),"Ahmed")]}]
Capabilities {acceptInsecureCerts: false, browserName: chrome, browserVersion: 104.0.5112.79, chrome: {chromedriverVersion: 104.0.5112.79 (3cf3e8c8a07d..., userDataDir: /tmp/.com.google.Chrome.FAqZsh}, goog:chromeOptions: {debuggerAddress: localhost:39089}, networkConnectionEnabled: false, pageLoadStrategy: normal, platformName: linux, proxy: Proxy(), se:cdp: ws://localhost:39089/devtoo..., se:cdpVersion: 104.0.5112.79, setWindowRect: true, strictFileInteractability: false, timeouts: {implicit: 0, pageLoad: 300000, script: 30000}, unhandledPromptBehavior: dismiss and notify, webauthn:extension:credBlob: true, webauthn:extension:largeBlob: true, webauthn:virtualAuthenticators: true}
Session ID: f70f65f88f777db45c9ae1053e731a15
	at tests.registration.FacebookRegistrationTest.testEmptyLastNameValidationAppear(FacebookRegistrationTest.java:58)
]]></failure>
    <system-err><![CDATA[Sep 24, 2023 2:03:57 AM org.openqa.selenium.devtools.CdpVersionFinder findNearestMatch
WARNING: Unable to find CDP implementation matching 104
Sep 24, 2023 2:03:57 AM org.openqa.selenium.chromium.ChromiumDriver lambda$new$5
WARNING: Unable to find version of CDP to use for 104.0.5112.79. You may need to include a dependency on a specific version of the CDP using something similar to `org.seleniumhq.selenium:selenium-devtools-v86:4.11.0` where the version ("v86") matches the version of the chromium-based browser you're using and the version number of the artifact is the same as Selenium's.
Sep 24, 2023 2:03:58 AM org.openqa.selenium.devtools.CdpVersionFinder findNearestMatch
WARNING: Unable to find CDP implementation matching 104
Sep 24, 2023 2:03:58 AM org.openqa.selenium.chromium.ChromiumDriver lambda$new$5
WARNING: Unable to find version of CDP to use for 104.0.5112.79. You may need to include a dependency on a specific version of the CDP using something similar to `org.seleniumhq.selenium:selenium-devtools-v86:4.11.0` where the version ("v86") matches the version of the chromium-based browser you're using and the version number of the artifact is the same as Selenium's.
]]></system-err>
  </testcase>
  <testcase name="testEmptyPasswordValidationAppear" classname="tests.registration.FacebookRegistrationTest" time="0.806">
    <system-err><![CDATA[Sep 24, 2023 2:04:40 AM org.openqa.selenium.devtools.CdpVersionFinder findNearestMatch
WARNING: Unable to find CDP implementation matching 104
Sep 24, 2023 2:04:40 AM org.openqa.selenium.chromium.ChromiumDriver lambda$new$5
WARNING: Unable to find version of CDP to use for 104.0.5112.79. You may need to include a dependency on a specific version of the CDP using something similar to `org.seleniumhq.selenium:selenium-devtools-v86:4.11.0` where the version ("v86") matches the version of the chromium-based browser you're using and the version number of the artifact is the same as Selenium's.
Sep 24, 2023 2:04:41 AM org.openqa.selenium.devtools.CdpVersionFinder findNearestMatch
WARNING: Unable to find CDP implementation matching 104
Sep 24, 2023 2:04:41 AM org.openqa.selenium.chromium.ChromiumDriver lambda$new$5
WARNING: Unable to find version of CDP to use for 104.0.5112.79. You may need to include a dependency on a specific version of the CDP using something similar to `org.seleniumhq.selenium:selenium-devtools-v86:4.11.0` where the version ("v86") matches the version of the chromium-based browser you're using and the version number of the artifact is the same as Selenium's.
]]></system-err>
  </testcase>
  <testcase name="testRegistrationWithCustomGender" classname="tests.registration.FacebookRegistrationTest" time="33.234">
    <failure message="Expected condition failed: waiting for presence of element located by: By.xpath: //*[contains(text(),&quot;Enter the code from your email&quot;)] (tried for 30 second(s) with 500 milliseconds interval)" type="org.openqa.selenium.TimeoutException"><![CDATA[org.openqa.selenium.TimeoutException: Expected condition failed: waiting for presence of element located by: By.xpath: //*[contains(text(),"Enter the code from your email")] (tried for 30 second(s) with 500 milliseconds interval)
	at tests.registration.FacebookRegistrationTest.testRegistrationWithCustomGender(FacebookRegistrationTest.java:41)
Caused by: org.openqa.selenium.NoSuchElementException: 
no such element: Unable to locate element: {"method":"xpath","selector":"//*[contains(text(),"Enter the code from your email")]"}
  (Session info: chrome=104.0.5112.79)
For documentation on this error, please visit: https://www.selenium.dev/documentation/webdriver/troubleshooting/errors#no-such-element-exception
Build info: version: '4.11.0', revision: '040bc5406b'
System info: os.name: 'Linux', os.arch: 'amd64', os.version: '5.19.0-38-generic', java.version: '11.0.18'
Driver info: org.openqa.selenium.chrome.ChromeDriver
Command: [96418094698a01bf9d7ce5118a25b30b, findElement {using=xpath, value=//*[contains(text(),"Enter the code from your email")]}]
Capabilities {acceptInsecureCerts: false, browserName: chrome, browserVersion: 104.0.5112.79, chrome: {chromedriverVersion: 104.0.5112.79 (3cf3e8c8a07d..., userDataDir: /tmp/.com.google.Chrome.dxOl1J}, goog:chromeOptions: {debuggerAddress: localhost:33253}, networkConnectionEnabled: false, pageLoadStrategy: normal, platformName: linux, proxy: Proxy(), se:cdp: ws://localhost:33253/devtoo..., se:cdpVersion: 104.0.5112.79, setWindowRect: true, strictFileInteractability: false, timeouts: {implicit: 0, pageLoad: 300000, script: 30000}, unhandledPromptBehavior: dismiss and notify, webauthn:extension:credBlob: true, webauthn:extension:largeBlob: true, webauthn:virtualAuthenticators: true}
Session ID: 96418094698a01bf9d7ce5118a25b30b
	at tests.registration.FacebookRegistrationTest.testRegistrationWithCustomGender(FacebookRegistrationTest.java:41)
]]></failure>
    <system-err><![CDATA[Sep 24, 2023 2:04:43 AM org.openqa.selenium.devtools.CdpVersionFinder findNearestMatch
WARNING: Unable to find CDP implementation matching 104
Sep 24, 2023 2:04:43 AM org.openqa.selenium.chromium.ChromiumDriver lambda$new$5
WARNING: Unable to find version of CDP to use for 104.0.5112.79. You may need to include a dependency on a specific version of the CDP using something similar to `org.seleniumhq.selenium:selenium-devtools-v86:4.11.0` where the version ("v86") matches the version of the chromium-based browser you're using and the version number of the artifact is the same as Selenium's.
Sep 24, 2023 2:04:43 AM org.openqa.selenium.devtools.CdpVersionFinder findNearestMatch
WARNING: Unable to find CDP implementation matching 104
Sep 24, 2023 2:04:43 AM org.openqa.selenium.chromium.ChromiumDriver lambda$new$5
WARNING: Unable to find version of CDP to use for 104.0.5112.79. You may need to include a dependency on a specific version of the CDP using something similar to `org.seleniumhq.selenium:selenium-devtools-v86:4.11.0` where the version ("v86") matches the version of the chromium-based browser you're using and the version number of the artifact is the same as Selenium's.
]]></system-err>
  </testcase>
  <testcase name="testRegistrationWithValidData" classname="tests.registration.FacebookRegistrationTest" time="32.313">
    <failure message="Expected condition failed: waiting for presence of element located by: By.xpath: //*[contains(text(),&quot;Enter the code from your email&quot;)] (tried for 30 second(s) with 500 milliseconds interval)" type="org.openqa.selenium.TimeoutException"><![CDATA[org.openqa.selenium.TimeoutException: Expected condition failed: waiting for presence of element located by: By.xpath: //*[contains(text(),"Enter the code from your email")] (tried for 30 second(s) with 500 milliseconds interval)
	at tests.registration.FacebookRegistrationTest.testRegistrationWithValidData(FacebookRegistrationTest.java:31)
Caused by: org.openqa.selenium.NoSuchElementException: 
no such element: Unable to locate element: {"method":"xpath","selector":"//*[contains(text(),"Enter the code from your email")]"}
  (Session info: chrome=104.0.5112.79)
For documentation on this error, please visit: https://www.selenium.dev/documentation/webdriver/troubleshooting/errors#no-such-element-exception
Build info: version: '4.11.0', revision: '040bc5406b'
System info: os.name: 'Linux', os.arch: 'amd64', os.version: '5.19.0-38-generic', java.version: '11.0.18'
Driver info: org.openqa.selenium.chrome.ChromeDriver
Command: [9af04381d63fca00efc445048d8075e5, findElement {using=xpath, value=//*[contains(text(),"Enter the code from your email")]}]
Capabilities {acceptInsecureCerts: false, browserName: chrome, browserVersion: 104.0.5112.79, chrome: {chromedriverVersion: 104.0.5112.79 (3cf3e8c8a07d..., userDataDir: /tmp/.com.google.Chrome.dYxaOf}, goog:chromeOptions: {debuggerAddress: localhost:33779}, networkConnectionEnabled: false, pageLoadStrategy: normal, platformName: linux, proxy: Proxy(), se:cdp: ws://localhost:33779/devtoo..., se:cdpVersion: 104.0.5112.79, setWindowRect: true, strictFileInteractability: false, timeouts: {implicit: 0, pageLoad: 300000, script: 30000}, unhandledPromptBehavior: dismiss and notify, webauthn:extension:credBlob: true, webauthn:extension:largeBlob: true, webauthn:virtualAuthenticators: true}
Session ID: 9af04381d63fca00efc445048d8075e5
	at tests.registration.FacebookRegistrationTest.testRegistrationWithValidData(FacebookRegistrationTest.java:31)
]]></failure>
    <system-err><![CDATA[Sep 24, 2023 2:05:20 AM org.openqa.selenium.devtools.CdpVersionFinder findNearestMatch
WARNING: Unable to find CDP implementation matching 104
Sep 24, 2023 2:05:20 AM org.openqa.selenium.chromium.ChromiumDriver lambda$new$5
WARNING: Unable to find version of CDP to use for 104.0.5112.79. You may need to include a dependency on a specific version of the CDP using something similar to `org.seleniumhq.selenium:selenium-devtools-v86:4.11.0` where the version ("v86") matches the version of the chromium-based browser you're using and the version number of the artifact is the same as Selenium's.
Sep 24, 2023 2:05:20 AM org.openqa.selenium.devtools.CdpVersionFinder findNearestMatch
WARNING: Unable to find CDP implementation matching 104
Sep 24, 2023 2:05:20 AM org.openqa.selenium.chromium.ChromiumDriver lambda$new$5
WARNING: Unable to find version of CDP to use for 104.0.5112.79. You may need to include a dependency on a specific version of the CDP using something similar to `org.seleniumhq.selenium:selenium-devtools-v86:4.11.0` where the version ("v86") matches the version of the chromium-based browser you're using and the version number of the artifact is the same as Selenium's.
]]></system-err>
  </testcase>
</testsuite>